0 info it worked if it ends with ok
1 verbose cli [ '/Users/mcmunder/.nvm/versions/node/v7.2.0/bin/node',
1 verbose cli   '/Users/mcmunder/.nvm/versions/node/v7.2.0/bin/npm',
1 verbose cli   'start' ]
2 info using npm@4.0.5
3 info using node@v7.2.0
4 verbose run-script [ 'prestart', 'start', 'poststart' ]
5 info lifecycle react-intro@0.0.1~prestart: react-intro@0.0.1
6 silly lifecycle react-intro@0.0.1~prestart: no script for prestart, continuing
7 info lifecycle react-intro@0.0.1~start: react-intro@0.0.1
8 verbose lifecycle react-intro@0.0.1~start: unsafe-perm in lifecycle true
9 verbose lifecycle react-intro@0.0.1~start: PATH: /Users/mcmunder/.nvm/versions/node/v7.2.0/lib/node_modules/npm/bin/node-gyp-bin:/Users/mcmunder/code/eaternity/react-intro/node_modules/.bin:/Users/mcmunder/Library/Android/sdk/tools:/Users/mcmunder/Library/Android/sdk/platform-tools:/Users/mcmunder/code/anaconda3/bin:/Users/mcmunder/.nvm/versions/node/v7.2.0/bin:/usr/local/bin:/usr/bin:/bin:/usr/sbin:/sbin:/opt/X11/bin
10 verbose lifecycle react-intro@0.0.1~start: CWD: /Users/mcmunder/code/eaternity/react-intro
11 silly lifecycle react-intro@0.0.1~start: Args: [ '-c', 'npm run build && nodemon main.js' ]
12 silly lifecycle react-intro@0.0.1~start: Returned: code: 1  signal: null
13 info lifecycle react-intro@0.0.1~start: Failed to exec start script
14 verbose stack Error: react-intro@0.0.1 start: `npm run build && nodemon main.js`
14 verbose stack Exit status 1
14 verbose stack     at EventEmitter.<anonymous> (/Users/mcmunder/.nvm/versions/node/v7.2.0/lib/node_modules/npm/lib/utils/lifecycle.js:279:16)
14 verbose stack     at emitTwo (events.js:106:13)
14 verbose stack     at EventEmitter.emit (events.js:191:7)
14 verbose stack     at ChildProcess.<anonymous> (/Users/mcmunder/.nvm/versions/node/v7.2.0/lib/node_modules/npm/lib/utils/spawn.js:40:14)
14 verbose stack     at emitTwo (events.js:106:13)
14 verbose stack     at ChildProcess.emit (events.js:191:7)
14 verbose stack     at maybeClose (internal/child_process.js:885:16)
14 verbose stack     at Process.ChildProcess._handle.onexit (internal/child_process.js:226:5)
15 verbose pkgid react-intro@0.0.1
16 verbose cwd /Users/mcmunder/code/eaternity/react-intro
17 error Darwin 16.3.0
18 error argv "/Users/mcmunder/.nvm/versions/node/v7.2.0/bin/node" "/Users/mcmunder/.nvm/versions/node/v7.2.0/bin/npm" "start"
19 error node v7.2.0
20 error npm  v4.0.5
21 error code ELIFECYCLE
22 error react-intro@0.0.1 start: `npm run build && nodemon main.js`
22 error Exit status 1
23 error Failed at the react-intro@0.0.1 start script 'npm run build && nodemon main.js'.
23 error Make sure you have the latest version of node.js and npm installed.
23 error If you do, this is most likely a problem with the react-intro package,
23 error not with npm itself.
23 error Tell the author that this fails on your system:
23 error     npm run build && nodemon main.js
23 error You can get information on how to open an issue for this project with:
23 error     npm bugs react-intro
23 error Or if that isn't available, you can get their info via:
23 error     npm owner ls react-intro
23 error There is likely additional logging output above.
24 verbose exit [ 1, true ]
